<?xml version="1.0" encoding="UTF-8"?>
<!-- Generated by org.testng.reporters.JUnitReportReporter -->
<testsuite hostname="LAPTOP-LEC46EMO" failures="0" tests="1" name="testngDemo.Demo4" time="0.011" errors="0" timestamp="2025-03-21T21:25:10 IST" skipped="0">
  <testcase classname="testngDemo.Demo4" name="AssertionExample" time="0.011"/>
</testsuite> <!-- testngDemo.Demo4 -->
