<?xml version="1.0" encoding="UTF-8"?>
<!-- Generated by org.testng.reporters.JUnitReportReporter -->
<testsuite hostname="LAPTOP-LEC46EMO" failures="0" tests="2" name="testngDemo.Demo2" time="0.023" errors="0" timestamp="2025-03-20T15:14:54 IST" skipped="0">
  <testcase classname="testngDemo.Demo2" name="f2" time="0.007"/>
  <testcase classname="testngDemo.Demo2" name="f1" time="0.016"/>
</testsuite> <!-- testngDemo.Demo2 -->
