<?xml version="1.0" encoding="UTF-8"?>
<!-- Generated by org.testng.reporters.JUnitReportReporter -->
<testsuite hostname="LAPTOP-LEC46EMO" failures="0" tests="1" name="testngDemo.Demo3" time="25.043" errors="0" timestamp="2025-03-20T15:44:09 IST" skipped="0">
  <testcase classname="testngDemo.Demo3" name="verifyGoogleSearch" time="25.043"/>
</testsuite> <!-- testngDemo.Demo3 -->
